<--------------------------------------------------------->
                          BUG 0                          
<--------------------------------------------------------->
Time:
    2022.3.20.
Creator:
    Sam
Description:
    the IDT entry for the interrupt has error. The asm code should not addl $4 when reach the end
    of the interrupt since the interrupt will not push the interrupt num automaticly
Solution:
    delete the line of "addl $4, %esp"

<--------------------------------------------------------->
                          BUG 1                          
<--------------------------------------------------------->
Time:
    2022.3.20.
Creator:
    Sam
Description:
    the keyboard will not rasie a interrupt when the key is pressed. The breakpoint in IDT won't stop.
Solution:
    uncomment the code in kernel.c "sti();"

